<?xml version="1.0" encoding="UTF-8"?>
<!-- Generated by org.testng.reporters.JUnitXMLReporter -->
<testsuite ignored="0" hostname="DESKTOP-29UH38F" failures="0" tests="18" name="Test" time="40.349" errors="0" timestamp="2024-01-21T12:19:17 GMT-07:00">
  <testcase classname="HR_application_Test.HR_Test" name="@BeforeTest Login" time="3.053">
    <failure type="org.openqa.selenium.NoSuchWindowException" message="no such window: target window already closed
from unknown error: web view not found
  (Session info: chrome=120.0.6099.225)
Build info: version: &amp;apos;4.15.0&amp;apos;, revision: &amp;apos;1d14b5521b&amp;apos;
System info: os.name: &amp;apos;Windows 10&amp;apos;, os.arch: &amp;apos;amd64&amp;apos;, os.version: &amp;apos;10.0&amp;apos;, java.version: &amp;apos;17.0.5&amp;apos;
Driver info: org.openqa.selenium.chrome.ChromeDriver
Command: [aba3c68488ec51517e9841dcd25da886, maximizeCurrentWindow {}]
Capabilities {acceptInsecureCerts: false, browserName: chrome, browserVersion: 120.0.6099.225, chrome: {chromedriverVersion: 120.0.6099.109 (3419140ab66..., userDataDir: C:\Users\venka\AppData\Loca...}, fedcm:accounts: true, goog:chromeOptions: {debuggerAddress: localhost:51135}, networkConnectionEnabled: false, pageLoadStrategy: normal, platformName: windows, proxy: Proxy(), se:cdp: ws://localhost:51135/devtoo..., se:cdpVersion: 120.0.6099.225, setWindowRect: true, strictFileInteractability: false, timeouts: {implicit: 0, pageLoad: 300000, script: 30000}, unhandledPromptBehavior: dismiss and notify, webauthn:extension:credBlob: true, webauthn:extension:largeBlob: true, webauthn:extension:minPinLength: true, webauthn:extension:prf: true, webauthn:virtualAuthenticators: true}
Session ID: aba3c68488ec51517e9841dcd25da886">
      <![CDATA[org.openqa.selenium.NoSuchWindowException: no such window: target window already closed
from unknown error: web view not found
  (Session info: chrome=120.0.6099.225)
Build info: version: '4.15.0', revision: '1d14b5521b'
System info: os.name: 'Windows 10', os.arch: 'amd64', os.version: '10.0', java.version: '17.0.5'
Driver info: org.openqa.selenium.chrome.ChromeDriver
Command: [aba3c68488ec51517e9841dcd25da886, maximizeCurrentWindow {}]
Capabilities {acceptInsecureCerts: false, browserName: chrome, browserVersion: 120.0.6099.225, chrome: {chromedriverVersion: 120.0.6099.109 (3419140ab66..., userDataDir: C:\Users\venka\AppData\Loca...}, fedcm:accounts: true, goog:chromeOptions: {debuggerAddress: localhost:51135}, networkConnectionEnabled: false, pageLoadStrategy: normal, platformName: windows, proxy: Proxy(), se:cdp: ws://localhost:51135/devtoo..., se:cdpVersion: 120.0.6099.225, setWindowRect: true, strictFileInteractability: false, timeouts: {implicit: 0, pageLoad: 300000, script: 30000}, unhandledPromptBehavior: dismiss and notify, webauthn:extension:credBlob: true, webauthn:extension:largeBlob: true, webauthn:extension:minPinLength: true, webauthn:extension:prf: true, webauthn:virtualAuthenticators: true}
Session ID: aba3c68488ec51517e9841dcd25da886
at org.openqa.selenium.remote.codec.w3c.W3CHttpResponseCodec.createException(W3CHttpResponseCodec.java:200)
at org.openqa.selenium.remote.codec.w3c.W3CHttpResponseCodec.decode(W3CHttpResponseCodec.java:133)
at org.openqa.selenium.remote.codec.w3c.W3CHttpResponseCodec.decode(W3CHttpResponseCodec.java:52)
at org.openqa.selenium.remote.HttpCommandExecutor.execute(HttpCommandExecutor.java:191)
at org.openqa.selenium.remote.service.DriverCommandExecutor.invokeExecute(DriverCommandExecutor.java:200)
at org.openqa.selenium.remote.service.DriverCommandExecutor.execute(DriverCommandExecutor.java:175)
at org.openqa.selenium.remote.RemoteWebDriver.execute(RemoteWebDriver.java:607)
at org.openqa.selenium.remote.RemoteWebDriver.execute(RemoteWebDriver.java:680)
at org.openqa.selenium.remote.RemoteWebDriver.execute(RemoteWebDriver.java:684)
at org.openqa.selenium.remote.RemoteWebDriver$RemoteWebDriverOptions$RemoteWindow.maximize(RemoteWebDriver.java:1123)
at HR_Application_Pages.Driver_Page.Driver(Driver_Page.java:19)
at HR_application_Test.HR_Test.Login(HR_Test.java:19)
... Removed 29 stack frames]]>
    </failure>
  </testcase> <!-- @BeforeTest Login -->
  <testcase classname="User_Application_Test.User_Test" name="@BeforeTest Login" time="0.0">
    <skipped/>
  </testcase> <!-- @BeforeTest Login -->
  <testcase classname="Employee_Application_Test.Employee_Test" name="@AfterTest Logout" time="0.0">
    <skipped/>
  </testcase> <!-- @AfterTest Logout -->
  <testcase classname="HR_application_Test.HR_Test" name="@AfterTest Logout" time="0.0">
    <skipped/>
  </testcase> <!-- @AfterTest Logout -->
  <testcase classname="Employee_Application_Test.Employee_Test" name="ClaimsFormDownload" time="0.001">
    <skipped/>
  </testcase> <!-- ClaimsFormDownload -->
  <testcase classname="Employee_Application_Test.Employee_Test" name="ReportClaims" time="0.001">
    <skipped/>
  </testcase> <!-- ReportClaims -->
  <testcase classname="Employee_Application_Test.Employee_Test" name="Coverages" time="0.0">
    <skipped/>
  </testcase> <!-- Coverages -->
  <testcase classname="Employee_Application_Test.Employee_Test" name="Home" time="0.0">
    <skipped/>
  </testcase> <!-- Home -->
  <testcase classname="Employee_Application_Test.Employee_Test" name="MyProfile" time="0.0">
    <skipped/>
  </testcase> <!-- MyProfile -->
  <testcase classname="HR_application_Test.HR_Test" name="M1Profile" time="0.0">
    <skipped/>
  </testcase> <!-- M1Profile -->
  <testcase classname="HR_application_Test.HR_Test" name="M2GMCPolicy" time="0.001">
    <skipped/>
  </testcase> <!-- M2GMCPolicy -->
  <testcase classname="HR_application_Test.HR_Test" name="M3Members" time="0.0">
    <skipped/>
  </testcase> <!-- M3Members -->
  <testcase classname="HR_application_Test.HR_Test" name="M4Add_Employee" time="0.0">
    <skipped/>
  </testcase> <!-- M4Add_Employee -->
  <testcase classname="HR_application_Test.HR_Test" name="M5Enrolment" time="0.0">
    <skipped/>
  </testcase> <!-- M5Enrolment -->
  <testcase classname="HR_application_Test.HR_Test" name="M6Endorsement" time="0.0">
    <skipped/>
  </testcase> <!-- M6Endorsement -->
  <testcase classname="HR_application_Test.HR_Test" name="M7Bulk_Upload" time="0.0">
    <skipped/>
  </testcase> <!-- M7Bulk_Upload -->
  <testcase classname="User_Application_Test.User_Test" name="Clients" time="0.0">
    <skipped/>
  </testcase> <!-- Clients -->
  <testcase classname="User_Application_Test.User_Test" name="Home" time="0.0">
    <skipped/>
  </testcase> <!-- Home -->
  <testcase classname="User_Application_Test.User_Test" name="Premium" time="0.001">
    <skipped/>
  </testcase> <!-- Premium -->
  <testcase classname="User_Application_Test.User_Test" name="Claims" time="0.001">
    <skipped/>
  </testcase> <!-- Claims -->
  <testcase classname="User_Application_Test.User_Test" name="Endorsement" time="0.0">
    <skipped/>
  </testcase> <!-- Endorsement -->
  <testcase classname="User_Application_Test.User_Test" name="Upload" time="0.0">
    <skipped/>
  </testcase> <!-- Upload -->
</testsuite> <!-- Test -->
